# JRE version: OpenJDK Runtime Environment (21.0+35) (build 21+35-2513)
# Java VM: OpenJDK 64-Bit Server VM (21+35-2513, mixed mode, sharing, tiered, compressed oops, compressed class ptrs, g1 gc, linux-amd64)
GC Precious Log:
 CardTable entry size: 512
 Card Set container configuration: InlinePtr #cards 4 size 8 Array Of Cards #cards 16 size 48 Howl #buckets 8 coarsen threshold 3686 Howl Bitmap #cards 512 size 80 coarsen threshold 460 Card regions per heap region 1 cards per card region 4096
 CPUs: 4 total, 4 available
 Memory: 15865M
 Large Page Support: Disabled
 NUMA Support: Disabled
 Compressed Oops: Enabled (Zero based)
 Heap Region Size: 2M
 Heap Min Capacity: 8M
 Heap Initial Capacity: 248M
 Heap Max Capacity: 3968M
 Pre-touch: Disabled
 Parallel Workers: 4
 Concurrent Workers: 1
 Concurrent Refinement Workers: 4
 Periodic GC: Disabled
Heap:
 garbage-first heap   total 69632K, used 37280K [0x0000000708000000, 0x0000000800000000)
  region size 2048K, 13 young (26624K), 2 survivors (4096K)
 Metaspace       used 40362K, committed 41024K, reserved 1114112K
  class space    used 5517K, committed 5824K, reserved 1048576K
GC Heap History (14 events):
Event: 0.499 GC heap before
{Heap before GC invocations=0 (full 0):
 garbage-first heap   total 256000K, used 11293K [0x0000000708000000, 0x0000000800000000)
  region size 2048K, 6 young (12288K), 0 survivors (0K)
 Metaspace       used 3339K, committed 3520K, reserved 1114112K
  class space    used 358K, committed 448K, reserved 1048576K
}
Event: 0.504 GC heap after
{Heap after GC invocations=1 (full 0):
 garbage-first heap   total 256000K, used 4754K [0x0000000708000000, 0x0000000800000000)
  region size 2048K, 1 young (2048K), 1 survivors (2048K)
 Metaspace       used 3339K, committed 3520K, reserved 1114112K
  class space    used 358K, committed 448K, reserved 1048576K
}
Event: 0.914 GC heap before
{Heap before GC invocations=1 (full 0):
 garbage-first heap   total 256000K, used 12946K [0x0000000708000000, 0x0000000800000000)
  region size 2048K, 6 young (12288K), 1 survivors (2048K)
 Metaspace       used 6446K, committed 6720K, reserved 1114112K
  class space    used 791K, committed 896K, reserved 1048576K
}
Event: 0.918 GC heap after
{Heap after GC invocations=2 (full 0):
 garbage-first heap   total 256000K, used 5971K [0x0000000708000000, 0x0000000800000000)
  region size 2048K, 1 young (2048K), 1 survivors (2048K)
 Metaspace       used 6446K, committed 6720K, reserved 1114112K
  class space    used 791K, committed 896K, reserved 1048576K
}
Event: 2.050 GC heap before
{Heap before GC invocations=2 (full 0):
 garbage-first heap   total 256000K, used 40787K [0x0000000708000000, 0x0000000800000000)
  region size 2048K, 18 young (36864K), 1 survivors (2048K)
 Metaspace       used 15005K, committed 15296K, reserved 1114112K
  class space    used 1917K, committed 2048K, reserved 1048576K
}
Event: 2.066 GC heap after
{Heap after GC invocations=3 (full 0):
 garbage-first heap   total 256000K, used 8614K [0x0000000708000000, 0x0000000800000000)
  region size 2048K, 2 young (4096K), 2 survivors (4096K)
 Metaspace       used 15005K, committed 15296K, reserved 1114112K
  class space    used 1917K, committed 2048K, reserved 1048576K
}
Event: 2.532 GC heap before
{Heap before GC invocations=3 (full 0):
 garbage-first heap   total 256000K, used 33190K [0x0000000708000000, 0x0000000800000000)
  region size 2048K, 16 young (32768K), 2 survivors (4096K)
 Metaspace       used 21163K, committed 21504K, reserved 1114112K
  class space    used 2703K, committed 2880K, reserved 1048576K
}
Event: 2.542 GC heap after
{Heap after GC invocations=4 (full 0):
 garbage-first heap   total 256000K, used 11624K [0x0000000708000000, 0x0000000800000000)
  region size 2048K, 4 young (8192K), 4 survivors (8192K)
 Metaspace       used 21163K, committed 21504K, reserved 1114112K
  class space    used 2703K, committed 2880K, reserved 1048576K
}
Event: 3.650 GC heap before
{Heap before GC invocations=5 (full 0):
 garbage-first heap   total 55296K, used 52584K [0x0000000708000000, 0x0000000800000000)
  region size 2048K, 24 young (49152K), 4 survivors (8192K)
 Metaspace       used 28937K, committed 29440K, reserved 1114112K
  class space    used 3708K, committed 3968K, reserved 1048576K
}
Event: 3.671 GC heap after
{Heap after GC invocations=6 (full 0):
 garbage-first heap   total 65536K, used 14889K [0x0000000708000000, 0x0000000800000000)
  region size 2048K, 5 young (10240K), 5 survivors (10240K)
 Metaspace       used 28937K, committed 29440K, reserved 1114112K
  class space    used 3708K, committed 3968K, reserved 1048576K
}
Event: 4.580 GC heap before
{Heap before GC invocations=6 (full 0):
 garbage-first heap   total 65536K, used 43561K [0x0000000708000000, 0x0000000800000000)
  region size 2048K, 19 young (38912K), 5 survivors (10240K)
 Metaspace       used 34155K, committed 34752K, reserved 1114112K
  class space    used 4499K, committed 4800K, reserved 1048576K
}
Event: 4.596 GC heap after
{Heap after GC invocations=7 (full 0):
 garbage-first heap   total 65536K, used 17110K [0x0000000708000000, 0x0000000800000000)
  region size 2048K, 2 young (4096K), 2 survivors (4096K)
 Metaspace       used 34155K, committed 34752K, reserved 1114112K
  class space    used 4499K, committed 4800K, reserved 1048576K
}
Event: 4.729 GC heap before
{Heap before GC invocations=7 (full 0):
 garbage-first heap   total 65536K, used 21206K [0x0000000708000000, 0x0000000800000000)
  region size 2048K, 5 young (10240K), 2 survivors (4096K)
 Metaspace       used 35384K, committed 35968K, reserved 1114112K
  class space    used 4747K, committed 4992K, reserved 1048576K
}
Event: 4.734 GC heap after
{Heap after GC invocations=8 (full 0):
 garbage-first heap   total 79872K, used 16800K [0x0000000708000000, 0x0000000800000000)
  region size 2048K, 2 young (4096K), 2 survivors (4096K)
 Metaspace       used 35384K, committed 35968K, reserved 1114112K
  class space    used 4747K, committed 4992K, reserved 1048576K
}

